# JRE version: Java(TM) SE Runtime Environment 18.9 (11.0.18+9) (build 11.0.18+9-LTS-195)
# Java VM: Java HotSpot(TM) 64-Bit Server VM 18.9 (11.0.18+9-LTS-195, mixed mode, tiered, compressed oops, g1 gc, windows-amd64)
Heap:
 garbage-first heap   total 114688K, used 31449K [0x0000000091000000, 0x0000000100000000)
  region size 1024K, 20 young (20480K), 4 survivors (4096K)
 Metaspace       used 22722K, capacity 23449K, committed 23808K, reserved 1069056K
  class space    used 2885K, capacity 3201K, committed 3328K, reserved 1048576K
GC Heap History (6 events):
Event: 0.797 GC heap before
{Heap before GC invocations=0 (full 0):
 garbage-first heap   total 114688K, used 23552K [0x0000000091000000, 0x0000000100000000)
  region size 1024K, 24 young (24576K), 0 survivors (0K)
 Metaspace       used 12029K, capacity 12339K, committed 12544K, reserved 1060864K
  class space    used 1150K, capacity 1268K, committed 1280K, reserved 1048576K
}
Event: 0.805 GC heap after
{Heap after GC invocations=1 (full 0):
 garbage-first heap   total 114688K, used 3444K [0x0000000091000000, 0x0000000100000000)
  region size 1024K, 3 young (3072K), 3 survivors (3072K)
 Metaspace       used 12029K, capacity 12339K, committed 12544K, reserved 1060864K
  class space    used 1150K, capacity 1268K, committed 1280K, reserved 1048576K
}
Event: 1.838 GC heap before
{Heap before GC invocations=1 (full 0):
 garbage-first heap   total 114688K, used 79220K [0x0000000091000000, 0x0000000100000000)
  region size 1024K, 67 young (68608K), 3 survivors (3072K)
 Metaspace       used 20019K, capacity 20584K, committed 20864K, reserved 1067008K
  class space    used 2377K, capacity 2596K, committed 2688K, reserved 1048576K
}
Event: 1.847 GC heap after
{Heap after GC invocations=2 (full 0):
 garbage-first heap   total 114688K, used 14841K [0x0000000091000000, 0x0000000100000000)
  region size 1024K, 7 young (7168K), 7 survivors (7168K)
 Metaspace       used 20019K, capacity 20584K, committed 20864K, reserved 1067008K
  class space    used 2377K, capacity 2596K, committed 2688K, reserved 1048576K
}
Event: 1.926 GC heap before
{Heap before GC invocations=2 (full 0):
 garbage-first heap   total 114688K, used 18937K [0x0000000091000000, 0x0000000100000000)
  region size 1024K, 12 young (12288K), 7 survivors (7168K)
 Metaspace       used 20621K, capacity 21231K, committed 21296K, reserved 1069056K
  class space    used 2514K, capacity 2792K, committed 2816K, reserved 1048576K
}
Event: 1.933 GC heap after
{Heap after GC invocations=3 (full 0):
 garbage-first heap   total 114688K, used 15065K [0x0000000091000000, 0x0000000100000000)
  region size 1024K, 4 young (4096K), 4 survivors (4096K)
 Metaspace       used 20621K, capacity 21231K, committed 21296K, reserved 1069056K
  class space    used 2514K, capacity 2792K, committed 2816K, reserved 1048576K
}

